<?xml version="1.0" encoding="UTF-8"?>
<!-- Generated by org.testng.reporters.JUnitReportReporter -->
<testsuite hostname="DESKTOP-TGRDIAA" failures="0" tests="5" name="FunctionalTest.Report.Reporttesting" time="17.596" errors="0" timestamp="2024-09-11T11:48:49 IST" skipped="0">
  <testcase classname="FunctionalTest.Report.Reporttesting" name="AmityLogo" time="2.769"/>
  <testcase classname="FunctionalTest.Report.Reporttesting" name="ProgramButton" time="2.572"/>
  <testcase classname="FunctionalTest.Report.Reporttesting" name="CareerServices" time="5.120"/>
  <testcase classname="FunctionalTest.Report.Reporttesting" name="AdvantagesButton" time="4.081"/>
  <testcase classname="FunctionalTest.Report.Reporttesting" name="SearchButton" time="3.054"/>
</testsuite> <!-- FunctionalTest.Report.Reporttesting -->
