<?xml version="1.0" encoding="UTF-8"?>
<!-- Generated by org.testng.reporters.JUnitReportReporter -->
<testsuite hostname="DESKTOP-TGRDIAA" failures="0" tests="5" name="FunctionalTest.Report.Reporttesting" time="23.895" errors="0" timestamp="2024-09-11T14:59:04 IST" skipped="0">
  <testcase classname="FunctionalTest.Report.Reporttesting" name="AmityLogo" time="4.254"/>
  <testcase classname="FunctionalTest.Report.Reporttesting" name="ProgramButton" time="3.688"/>
  <testcase classname="FunctionalTest.Report.Reporttesting" name="CareerServices" time="7.192"/>
  <testcase classname="FunctionalTest.Report.Reporttesting" name="AdvantagesButton" time="4.879"/>
  <testcase classname="FunctionalTest.Report.Reporttesting" name="SearchButton" time="3.882"/>
</testsuite> <!-- FunctionalTest.Report.Reporttesting -->
