<?xml version="1.0" encoding="UTF-8"?>
<!-- Generated by org.testng.reporters.JUnitReportReporter -->
<testsuite hostname="DESKTOP-TGRDIAA" failures="0" tests="5" name="FunctionalTest.Report.Reporttesting" time="17.104" errors="0" timestamp="2024-09-10T14:24:25 IST" skipped="0">
  <testcase classname="FunctionalTest.Report.Reporttesting" name="AmityLogo" time="2.733"/>
  <testcase classname="FunctionalTest.Report.Reporttesting" name="ProgramButton" time="2.690"/>
  <testcase classname="FunctionalTest.Report.Reporttesting" name="CareerServices" time="5.134"/>
  <testcase classname="FunctionalTest.Report.Reporttesting" name="AdvantagesButton" time="3.778"/>
  <testcase classname="FunctionalTest.Report.Reporttesting" name="SearchButton" time="2.769"/>
</testsuite> <!-- FunctionalTest.Report.Reporttesting -->
