<?xml version="1.0" encoding="UTF-8"?>
<!-- Generated by org.testng.reporters.JUnitReportReporter -->
<testsuite hostname="DESKTOP-TGRDIAA" failures="0" tests="5" name="FunctionalTest.Report.Reporttesting" time="16.989" errors="0" timestamp="2024-09-11T11:34:00 IST" skipped="0">
  <testcase classname="FunctionalTest.Report.Reporttesting" name="AmityLogo" time="3.407"/>
  <testcase classname="FunctionalTest.Report.Reporttesting" name="ProgramButton" time="2.825"/>
  <testcase classname="FunctionalTest.Report.Reporttesting" name="CareerServices" time="4.854"/>
  <testcase classname="FunctionalTest.Report.Reporttesting" name="AdvantagesButton" time="3.156"/>
  <testcase classname="FunctionalTest.Report.Reporttesting" name="SearchButton" time="2.747"/>
</testsuite> <!-- FunctionalTest.Report.Reporttesting -->
