<?xml version="1.0" encoding="UTF-8"?>
<!-- Generated by org.testng.reporters.JUnitReportReporter -->
<testsuite hostname="DESKTOP-TGRDIAA" failures="0" tests="62" name="FunctionalTest.Report.Reporttesting" time="389.946" errors="0" timestamp="2024-09-23T14:52:57 IST" skipped="0">
  <testcase classname="FunctionalTest.Report.Reporttesting" name="AmityLogo" time="2.527"/>
  <testcase classname="FunctionalTest.Report.Reporttesting" name="ProgramsHeaderButton" time="2.942"/>
  <testcase classname="FunctionalTest.Report.Reporttesting" name="CareerServicesHeaderButton" time="4.620"/>
  <testcase classname="FunctionalTest.Report.Reporttesting" name="AdvantagesHeaderButton" time="3.247"/>
  <testcase classname="FunctionalTest.Report.Reporttesting" name="SearchHeaderButton" time="2.598"/>
  <testcase classname="FunctionalTest.Report.Reporttesting" name="CallusHeaderButton" time="4.691"/>
  <testcase classname="FunctionalTest.Report.Reporttesting" name="StudentLoginHeaderButton" time="4.481"/>
  <testcase classname="FunctionalTest.Report.Reporttesting" name="EnrollNowHeaderButton" time="4.034"/>
  <testcase classname="FunctionalTest.Report.Reporttesting" name="ApplyNowHerocardButton" time="6.437"/>
  <testcase classname="FunctionalTest.Report.Reporttesting" name="Callusicon" time="8.738"/>
  <testcase classname="FunctionalTest.Report.Reporttesting" name="WhatsappIcon" time="5.679"/>
  <testcase classname="FunctionalTest.Report.Reporttesting" name="ViewAllButton" time="3.033"/>
  <testcase classname="FunctionalTest.Report.Reporttesting" name="RequestAcallButton" time="5.743"/>
  <testcase classname="FunctionalTest.Report.Reporttesting" name="ViewAllStayInformed" time="3.310"/>
  <testcase classname="FunctionalTest.Report.Reporttesting" name="ViewAllLatestBlog" time="3.565"/>
  <testcase classname="FunctionalTest.Report.Reporttesting" name="KnowMore" time="4.937"/>
  <testcase classname="FunctionalTest.Report.Reporttesting" name="ApplyNowButtonCTAs" time="6.440"/>
  <testcase classname="FunctionalTest.Report.Reporttesting" name="Aboutus" time="7.361"/>
  <testcase classname="FunctionalTest.Report.Reporttesting" name="CareerServices" time="6.985"/>
  <testcase classname="FunctionalTest.Report.Reporttesting" name="StudentStories" time="7.301"/>
  <testcase classname="FunctionalTest.Report.Reporttesting" name="Leadership" time="7.100"/>
  <testcase classname="FunctionalTest.Report.Reporttesting" name="Corporate" time="7.298"/>
  <testcase classname="FunctionalTest.Report.Reporttesting" name="Contactus" time="7.324"/>
  <testcase classname="FunctionalTest.Report.Reporttesting" name="TermsandConditions" time="7.227"/>
  <testcase classname="FunctionalTest.Report.Reporttesting" name="StudentSupport" time="8.371"/>
  <testcase classname="FunctionalTest.Report.Reporttesting" name="IntellectualProperty" time="11.470"/>
  <testcase classname="FunctionalTest.Report.Reporttesting" name="UGCApprovals" time="7.091"/>
  <testcase classname="FunctionalTest.Report.Reporttesting" name="Resource" time="8.915"/>
  <testcase classname="FunctionalTest.Report.Reporttesting" name="Blog" time="7.935"/>
  <testcase classname="FunctionalTest.Report.Reporttesting" name="Media" time="8.991"/>
  <testcase classname="FunctionalTest.Report.Reporttesting" name="BachelorofComputerApplications" time="6.223"/>
  <testcase classname="FunctionalTest.Report.Reporttesting" name="BCAwithspecializationinCloudandSecurity" time="6.354"/>
  <testcase classname="FunctionalTest.Report.Reporttesting" name="BCAwithspecializationinDataAnalytics" time="6.265"/>
  <testcase classname="FunctionalTest.Report.Reporttesting" name="BachelorofBusinessAdministration" time="6.134"/>
  <testcase classname="FunctionalTest.Report.Reporttesting" name="BachelorofArtsJournalismandMasscommunication" time="6.160"/>
  <testcase classname="FunctionalTest.Report.Reporttesting" name="BachelorofCommerce" time="6.999"/>
  <testcase classname="FunctionalTest.Report.Reporttesting" name="BachelorofArts" time="6.968"/>
  <testcase classname="FunctionalTest.Report.Reporttesting" name="BachelorofArtKannadaMedium" time="6.569"/>
  <testcase classname="FunctionalTest.Report.Reporttesting" name="BachelorofArtsMalayalamMedium" time="6.901"/>
  <testcase classname="FunctionalTest.Report.Reporttesting" name="BachelorofArtsTamilMedium" time="6.278"/>
  <testcase classname="FunctionalTest.Report.Reporttesting" name="BachelorofArtsTeluguMedium" time="6.785"/>
  <testcase classname="FunctionalTest.Report.Reporttesting" name="BachelorofArtsHindiMedium" time="6.146"/>
  <testcase classname="FunctionalTest.Report.Reporttesting" name="BComwithSpecializationinInternationalFinanceandAccounting" time="7.158"/>
  <testcase classname="FunctionalTest.Report.Reporttesting" name="BachelorOfCommerceHonours" time="5.905"/>
  <testcase classname="FunctionalTest.Report.Reporttesting" name="MasterofComputerApplications" time="7.397"/>
  <testcase classname="FunctionalTest.Report.Reporttesting" name="MCAwithspecializationinBlockchain" time="6.312"/>
  <testcase classname="FunctionalTest.Report.Reporttesting" name="MCAwithspecializationinMLandAl" time="6.196"/>
  <testcase classname="FunctionalTest.Report.Reporttesting" name="MCAwithspecializationinMachineLearning" time="5.967"/>
  <testcase classname="FunctionalTest.Report.Reporttesting" name="MCAwithspecializationinARandVR" time="6.546"/>
  <testcase classname="FunctionalTest.Report.Reporttesting" name="MasterofBusinessAdministration" time="6.364"/>
  <testcase classname="FunctionalTest.Report.Reporttesting" name="MBAwithspecializationinDigitalMarketingManagement" time="6.119"/>
  <testcase classname="FunctionalTest.Report.Reporttesting" name="MBAwithspecializationinHRAnalytics" time="6.203"/>
  <testcase classname="FunctionalTest.Report.Reporttesting" name="MBAwithspecializationinDataScience" time="6.822"/>
  <testcase classname="FunctionalTest.Report.Reporttesting" name="MBAwithspecializationinBusinessAnalytics" time="6.107"/>
  <testcase classname="FunctionalTest.Report.Reporttesting" name="MBAwithspecializationinDigitalEntrepreneurship" time="6.414"/>
  <testcase classname="FunctionalTest.Report.Reporttesting" name="MasterofArtsJournalismandMasscommunication" time="6.467"/>
  <testcase classname="FunctionalTest.Report.Reporttesting" name="MComwithspecializationinFintech" time="7.560"/>
  <testcase classname="FunctionalTest.Report.Reporttesting" name="MComwithspecializationinFinancialManagement" time="6.010"/>
  <testcase classname="FunctionalTest.Report.Reporttesting" name="MasterofArtsinPublicPolicyandGovernance" time="6.145"/>
  <testcase classname="FunctionalTest.Report.Reporttesting" name="MasterofArtsinPsychology" time="6.410"/>
  <testcase classname="FunctionalTest.Report.Reporttesting" name="MasterofScienceinDataScience" time="6.274"/>
  <testcase classname="FunctionalTest.Report.Reporttesting" name="PrintprogramsList" time="9.397"/>
</testsuite> <!-- FunctionalTest.Report.Reporttesting -->
