<?xml version="1.0" encoding="UTF-8"?>
<!-- Generated by org.testng.reporters.JUnitReportReporter -->
<testsuite hostname="DESKTOP-TGRDIAA" failures="0" tests="5" name="FunctionalTest.Report.Reporttesting" time="30.551" errors="0" timestamp="2024-09-12T01:36:55 IST" skipped="0">
  <testcase classname="FunctionalTest.Report.Reporttesting" name="AmityLogo" time="4.124"/>
  <testcase classname="FunctionalTest.Report.Reporttesting" name="ProgramButton" time="3.725"/>
  <testcase classname="FunctionalTest.Report.Reporttesting" name="CareerServices" time="9.738"/>
  <testcase classname="FunctionalTest.Report.Reporttesting" name="AdvantagesButton" time="8.760"/>
  <testcase classname="FunctionalTest.Report.Reporttesting" name="SearchButton" time="4.204"/>
</testsuite> <!-- FunctionalTest.Report.Reporttesting -->
