<?xml version="1.0" encoding="UTF-8"?>
<!-- Generated by org.testng.reporters.JUnitReportReporter -->
<testsuite hostname="DESKTOP-TGRDIAA" failures="0" tests="5" name="FunctionalTest.Report.Reporttesting" time="23.092" errors="0" timestamp="2024-09-09T18:12:58 IST" skipped="0">
  <testcase classname="FunctionalTest.Report.Reporttesting" name="AmityLogo" time="4.256"/>
  <testcase classname="FunctionalTest.Report.Reporttesting" name="ProgramButton" time="4.294"/>
  <testcase classname="FunctionalTest.Report.Reporttesting" name="CareerServices" time="6.563"/>
  <testcase classname="FunctionalTest.Report.Reporttesting" name="AdvantagesButton" time="5.286"/>
  <testcase classname="FunctionalTest.Report.Reporttesting" name="SearchButton" time="2.693"/>
</testsuite> <!-- FunctionalTest.Report.Reporttesting -->
